[03:42:47] [ServerMain/INFO]: Environment: Environment[sessionHost=https://sessionserver.mojang.com, servicesHost=https://api.minecraftservices.com, name=PROD]
[03:42:49] [ServerMain/INFO]: No existing world data, creating new world
[03:42:50] [ServerMain/INFO]: Loaded 7 recipes
[03:42:51] [ServerMain/INFO]: Loaded 1271 advancements
[03:42:51] [Server thread/INFO]: Starting minecraft server version 1.20.4
[03:42:51] [Server thread/INFO]: Loading properties
[03:42:51] [Server thread/INFO]: Default game type: SURVIVAL
[03:42:51] [Server thread/INFO]: Generating keypair
[03:42:51] [Server thread/INFO]: Starting Minecraft server on *:25565
[03:42:52] [Server thread/INFO]: Using epoll channel type
[03:42:52] [Server thread/WARN]: **** SERVER IS RUNNING IN OFFLINE/INSECURE MODE!
[03:42:52] [Server thread/WARN]: The server will make no attempt to authenticate usernames. Beware.
[03:42:52] [Server thread/WARN]: While this makes the game possible to play without internet access, it also opens up the ability for hackers to connect with any username they choose.
[03:42:52] [Server thread/WARN]: To change this, set "online-mode" to "true" in the server.properties file.
[03:42:52] [Server thread/INFO]: Preparing level "world"
[03:43:03] [Server thread/INFO]: Preparing start region for dimension minecraft:overworld
[03:43:04] [Worker-Main-2/INFO]: Preparing spawn area: 0%
[03:43:04] [Worker-Main-2/INFO]: Preparing spawn area: 0%
[03:43:04] [Worker-Main-2/INFO]: Preparing spawn area: 0%
[03:43:05] [Worker-Main-2/INFO]: Preparing spawn area: 0%
[03:43:05] [Worker-Main-2/INFO]: Preparing spawn area: 0%
[03:43:06] [Worker-Main-2/INFO]: Preparing spawn area: 0%
[03:43:06] [Worker-Main-2/INFO]: Preparing spawn area: 0%
[03:43:07] [Worker-Main-2/INFO]: Preparing spawn area: 0%
[03:43:07] [Worker-Main-2/INFO]: Preparing spawn area: 0%
[03:43:08] [Worker-Main-2/INFO]: Preparing spawn area: 0%
[03:43:08] [Worker-Main-2/INFO]: Preparing spawn area: 0%
[03:43:09] [Worker-Main-2/INFO]: Preparing spawn area: 0%
[03:43:09] [Worker-Main-2/INFO]: Preparing spawn area: 0%
[03:43:10] [Worker-Main-2/INFO]: Preparing spawn area: 0%
[03:43:10] [Worker-Main-2/INFO]: Preparing spawn area: 0%
[03:43:11] [Worker-Main-2/INFO]: Preparing spawn area: 0%
[03:43:11] [Worker-Main-2/INFO]: Preparing spawn area: 0%
[03:43:12] [Worker-Main-2/INFO]: Preparing spawn area: 0%
[03:43:12] [Worker-Main-2/INFO]: Preparing spawn area: 0%
[03:43:13] [Worker-Main-2/INFO]: Preparing spawn area: 0%
[03:43:13] [Worker-Main-2/INFO]: Preparing spawn area: 0%
[03:43:14] [Worker-Main-2/INFO]: Preparing spawn area: 0%
[03:43:14] [Worker-Main-2/INFO]: Preparing spawn area: 0%
[03:43:15] [Worker-Main-2/INFO]: Preparing spawn area: 0%
[03:43:15] [Worker-Main-2/INFO]: Preparing spawn area: 0%
[03:43:16] [Worker-Main-2/INFO]: Preparing spawn area: 0%
[03:43:16] [Worker-Main-2/INFO]: Preparing spawn area: 0%
[03:43:17] [Worker-Main-2/INFO]: Preparing spawn area: 0%
[03:43:17] [Worker-Main-2/INFO]: Preparing spawn area: 0%
[03:43:18] [Worker-Main-2/INFO]: Preparing spawn area: 0%
[03:43:18] [Worker-Main-2/INFO]: Preparing spawn area: 0%
[03:43:19] [Worker-Main-2/INFO]: Preparing spawn area: 0%
[03:43:19] [Worker-Main-2/INFO]: Preparing spawn area: 0%
[03:43:20] [Worker-Main-2/INFO]: Preparing spawn area: 0%
[03:43:20] [Worker-Main-2/INFO]: Preparing spawn area: 0%
[03:43:21] [Worker-Main-2/INFO]: Preparing spawn area: 0%
[03:43:21] [Worker-Main-2/INFO]: Preparing spawn area: 0%
[03:43:22] [Worker-Main-2/INFO]: Preparing spawn area: 0%
[03:43:22] [Worker-Main-2/INFO]: Preparing spawn area: 0%
[03:43:23] [Worker-Main-2/INFO]: Preparing spawn area: 0%
[03:43:23] [Worker-Main-2/INFO]: Preparing spawn area: 0%
[03:43:24] [Worker-Main-2/INFO]: Preparing spawn area: 0%
[03:43:24] [Worker-Main-2/INFO]: Preparing spawn area: 0%
[03:43:25] [Worker-Main-2/INFO]: Preparing spawn area: 0%
[03:43:25] [Worker-Main-2/INFO]: Preparing spawn area: 0%
[03:43:26] [Worker-Main-2/INFO]: Preparing spawn area: 0%
[03:43:26] [Worker-Main-2/INFO]: Preparing spawn area: 0%
[03:43:27] [Worker-Main-2/INFO]: Preparing spawn area: 0%
[03:43:27] [Worker-Main-2/INFO]: Preparing spawn area: 0%
[03:43:28] [Worker-Main-2/INFO]: Preparing spawn area: 0%
[03:43:28] [Worker-Main-2/INFO]: Preparing spawn area: 0%
[03:43:29] [Worker-Main-2/INFO]: Preparing spawn area: 0%
[03:43:29] [Worker-Main-2/INFO]: Preparing spawn area: 0%
[03:43:30] [Worker-Main-2/INFO]: Preparing spawn area: 0%
[03:43:30] [Worker-Main-2/INFO]: Preparing spawn area: 0%
[03:43:31] [Worker-Main-2/INFO]: Preparing spawn area: 0%
[03:43:31] [Worker-Main-2/INFO]: Preparing spawn area: 0%
[03:43:32] [Worker-Main-2/INFO]: Preparing spawn area: 0%
[03:43:32] [Worker-Main-2/INFO]: Preparing spawn area: 0%
[03:43:33] [Worker-Main-2/INFO]: Preparing spawn area: 0%
[03:43:33] [Worker-Main-2/INFO]: Preparing spawn area: 0%
[03:43:34] [Worker-Main-2/INFO]: Preparing spawn area: 0%
[03:43:34] [Worker-Main-2/INFO]: Preparing spawn area: 0%
[03:43:35] [Worker-Main-2/INFO]: Preparing spawn area: 0%
[03:43:35] [Worker-Main-2/INFO]: Preparing spawn area: 0%
[03:43:36] [Worker-Main-2/INFO]: Preparing spawn area: 0%
[03:43:36] [Worker-Main-2/INFO]: Preparing spawn area: 0%
[03:43:37] [Worker-Main-2/INFO]: Preparing spawn area: 0%
[03:43:37] [Worker-Main-2/INFO]: Preparing spawn area: 0%
[03:43:38] [Worker-Main-2/INFO]: Preparing spawn area: 0%
[03:43:38] [Worker-Main-2/INFO]: Preparing spawn area: 0%
[03:43:39] [Worker-Main-2/INFO]: Preparing spawn area: 0%
[03:43:39] [Worker-Main-2/INFO]: Preparing spawn area: 0%
[03:43:40] [Worker-Main-2/INFO]: Preparing spawn area: 0%
[03:43:40] [Worker-Main-2/INFO]: Preparing spawn area: 0%
[03:43:41] [Worker-Main-2/INFO]: Preparing spawn area: 0%
[03:43:41] [Worker-Main-2/INFO]: Preparing spawn area: 0%
[03:43:42] [Worker-Main-2/INFO]: Preparing spawn area: 0%
[03:43:42] [Worker-Main-2/INFO]: Preparing spawn area: 0%
[03:43:43] [Worker-Main-2/INFO]: Preparing spawn area: 0%
[03:43:43] [Worker-Main-2/INFO]: Preparing spawn area: 0%
[03:43:44] [Worker-Main-2/INFO]: Preparing spawn area: 0%
[03:43:44] [Worker-Main-2/INFO]: Preparing spawn area: 0%
[03:43:47] [Worker-Main-2/INFO]: Preparing spawn area: 0%
[03:43:47] [Worker-Main-2/INFO]: Preparing spawn area: 0%
[03:43:47] [Worker-Main-2/INFO]: Preparing spawn area: 0%
[03:43:47] [Worker-Main-2/INFO]: Preparing spawn area: 0%
[03:43:47] [Worker-Main-2/INFO]: Preparing spawn area: 62%
[03:43:47] [Worker-Main-2/INFO]: Preparing spawn area: 93%
[03:43:50] [Server thread/INFO]: Time elapsed: 47204 ms
[03:43:50] [Server thread/INFO]: Done (58.786s)! For help, type "help"
[03:44:54] [Server thread/INFO]: Stopping the server
[03:44:54] [Server thread/INFO]: Stopping server
[03:44:54] [Server thread/INFO]: Saving players
[03:44:54] [Server thread/INFO]: Saving worlds
[03:44:56] [Server thread/INFO]: Saving chunks for level 'ServerLevel[world]'/minecraft:overworld
[03:44:57] [Server thread/INFO]: Saving chunks for level 'ServerLevel[world]'/minecraft:the_end
[03:44:57] [Server thread/INFO]: Saving chunks for level 'ServerLevel[world]'/minecraft:the_nether
[03:44:57] [Server thread/INFO]: ThreadedAnvilChunkStorage (world): All chunks are saved
[03:44:57] [Server thread/INFO]: ThreadedAnvilChunkStorage (DIM1): All chunks are saved
[03:44:57] [Server thread/INFO]: ThreadedAnvilChunkStorage (DIM-1): All chunks are saved
[03:44:57] [Server thread/INFO]: ThreadedAnvilChunkStorage: All dimensions are saved
